[22:30:39] This is prokka 1.14.5
[22:30:39] Written by Torsten Seemann <torsten.seemann@gmail.com>
[22:30:39] Homepage is https://github.com/tseemann/prokka
[22:30:39] Local time is Mon Dec 16 22:30:39 2019
[22:30:39] You are azabelkin
[22:30:39] Operating system is linux
[22:30:39] You have BioPerl 1.007002
[22:30:39] System has 64 cores.
[22:30:39] Will use maximum of 8 cores.
[22:30:39] Annotating as >>> Bacteria <<<
[22:30:39] Generating locus_tag from 'scaffolds.fasta' contents.
[22:30:39] Setting --locustag KEIGPOEO from MD5 4e2098e8f1d5e948c8a284436dd6a598
[22:30:39] Creating new output folder: PROKKA_12162019
[22:30:39] Running: mkdir -p PROKKA_12162019
[22:30:39] Using filename prefix: PROKKA_12162019.XXX
[22:30:39] Setting HMMER_NCPU=1
[22:30:39] Writing log to: PROKKA_12162019/PROKKA_12162019.log
[22:30:39] Command: /nfs/home/azabelkin/.conda/envs/cooler/bin/prokka scaffolds.fasta
[22:30:39] Appending to PATH: /nfs/home/azabelkin/.conda/envs/cooler/bin
[22:30:39] Looking for 'aragorn' - found /nfs/home/azabelkin/.conda/envs/cooler/bin/aragorn
[22:30:39] Determined aragorn version is 001002 from 'ARAGORN v1.2.38 Dean Laslett'
[22:30:39] Looking for 'barrnap' - found /nfs/home/azabelkin/.conda/envs/cooler/bin/barrnap
[22:30:39] Determined barrnap version is 000009 from 'barrnap 0.9'
[22:30:39] Looking for 'blastp' - found /nfs/home/azabelkin/.conda/envs/cooler/bin/blastp
[22:30:41] Determined blastp version is 002009 from 'blastp: 2.9.0+'
[22:30:41] Looking for 'cmpress' - found /nfs/home/azabelkin/.conda/envs/cooler/bin/cmpress
[22:30:41] Determined cmpress version is 001001 from '# INFERNAL 1.1.2 (July 2016)'
[22:30:41] Looking for 'cmscan' - found /nfs/home/azabelkin/.conda/envs/cooler/bin/cmscan
[22:30:41] Determined cmscan version is 001001 from '# INFERNAL 1.1.2 (July 2016)'
[22:30:41] Looking for 'egrep' - found /bin/egrep
[22:30:41] Looking for 'find' - found /usr/bin/find
[22:30:41] Looking for 'grep' - found /bin/grep
[22:30:41] Looking for 'hmmpress' - found /nfs/home/azabelkin/.conda/envs/cooler/bin/hmmpress
[22:30:41] Determined hmmpress version is 003002 from '# HMMER 3.2.1 (June 2018); http://hmmer.org/'
[22:30:41] Looking for 'hmmscan' - found /nfs/home/azabelkin/.conda/envs/cooler/bin/hmmscan
[22:30:41] Determined hmmscan version is 003002 from '# HMMER 3.2.1 (June 2018); http://hmmer.org/'
[22:30:41] Looking for 'java' - found /nfs/home/azabelkin/.conda/envs/cooler/bin/java
[22:30:41] Looking for 'makeblastdb' - found /nfs/home/azabelkin/.conda/envs/cooler/bin/makeblastdb
[22:30:41] Determined makeblastdb version is 002009 from 'makeblastdb: 2.9.0+'
[22:30:41] Looking for 'minced' - found /nfs/home/azabelkin/.conda/envs/cooler/bin/minced
[22:30:42] Determined minced version is 004002 from 'minced 0.4.2'
[22:30:42] Looking for 'parallel' - found /nfs/home/azabelkin/.conda/envs/cooler/bin/parallel
[22:30:42] Determined parallel version is 20191122 from 'GNU parallel 20191122'
[22:30:42] Looking for 'prodigal' - found /nfs/home/azabelkin/.conda/envs/cooler/bin/prodigal
[22:30:42] Determined prodigal version is 002006 from 'Prodigal V2.6.3: February, 2016'
[22:30:42] Looking for 'prokka-genbank_to_fasta_db' - found /nfs/home/azabelkin/.conda/envs/cooler/bin/prokka-genbank_to_fasta_db
[22:30:42] Looking for 'sed' - found /bin/sed
[22:30:42] Looking for 'tbl2asn' - found /nfs/home/azabelkin/.conda/envs/cooler/bin/tbl2asn
[22:30:42] Determined tbl2asn version is 025007 from 'tbl2asn 25.7   arguments:'
[22:30:42] Using genetic code table 11.
[22:30:42] Loading and checking input file: scaffolds.fasta
[22:30:43] Wrote 483 contigs totalling 5456306 bp.
[22:30:43] Predicting tRNAs and tmRNAs
[22:30:43] Running: aragorn -l -gc11  -w PROKKA_12162019\/PROKKA_12162019\.fna
[22:30:47] 1 tRNA-Lys [39478,39553] 34 (ttt)
[22:30:47] 2 tRNA-Lys [39700,39775] 34 (ttt)
[22:30:47] 3 tRNA-Lys [39809,39884] 34 (ttt)
[22:30:47] 4 tRNA-Ser c[230392,230479] 35 (gga)
[22:30:47] 5 tRNA-Ser c[337650,337737] 35 (tga)
[22:30:47] 6 tRNA-Leu c[508553,508637] 35 (caa)
[22:30:47] 7 tRNA-Gly c[614656,614731] 34 (gcc)
[22:30:47] 8 tRNA-Gly c[614768,614843] 34 (gcc)
[22:30:47] 9 tRNA-Gly c[614880,614955] 34 (gcc)
[22:30:47] 10 tRNA-Glu c[793679,793754] 35 (ttc)
[22:30:47] 11 tRNA-Thr c[827808,827883] 34 (ggt)
[22:30:47] 12 tRNA-Gly c[827890,827964] 34 (tcc)
[22:30:47] 13 tRNA-Tyr c[828081,828165] 35 (gta)
[22:30:47] 14 tRNA-Thr c[828174,828249] 34 (tgt)
[22:30:47] 15 tRNA-Glu c[835256,835331] 35 (ttc)
[22:30:47] 16 tRNA-Met [917809,917885] 35 (cat)
[22:30:47] 17 tRNA-Gln [917934,918008] 33 (ctg)
[22:30:47] 18 tRNA-Gln [918046,918120] 33 (ctg)
[22:30:47] 19 tRNA-Arg c[1039146,1039222] 35 (tct)
[22:30:47] 20 tRNA-Ser c[1256739,1256819] 38 (gga)
[22:30:47] 21 tRNA-Thr c[1344304,1344379] 34 (cgt)
[22:30:47] 22 tRNA-Asp c[1398933,1399009] 35 (gtc)
[22:30:47] 23 tRNA-Leu [1670593,1670679] 35 (cag)
[22:30:47] 24 tRNA-Leu [1670708,1670794] 35 (cag)
[22:30:47] 25 tRNA-Leu [1670829,1670915] 35 (cag)
[22:30:47] 26 tRNA-Asn c[1744832,1744907] 34 (gtt)
[22:30:47] 27 tRNA-Asn c[1747241,1747316] 34 (gtt)
[22:30:47] 28 tRNA-Asn [1749065,1749140] 34 (gtt)
[22:30:47] 29 tRNA-Asn c[1788956,1789031] 34 (gtt)
[22:30:47] 30 tRNA-Ser [1790023,1790112] 35 (cga)
[22:30:47] 31 tRNA-Gly [1842539,1842614] 34 (gcc)
[22:30:47] 32 tRNA-Cys [1842669,1842742] 33 (gca)
[22:30:47] 33 tRNA-Leu [1842755,1842841] 35 (taa)
[22:30:47] 34 tRNA-Met [1900892,1900967] 34 (cat)
[22:30:47] 35 tRNA-Arg [1900977,1901053] 35 (tcg)
[22:30:47] 36 tRNA-Arg [1901067,1901143] 35 (tct)
[22:30:47] 1 tRNA-Pro [204937,205013] 35 (ggg)
[22:30:47] 2 tRNA-Arg [369799,369873] 34 (cct)
[22:30:47] 3 tRNA-Val [444114,444189] 34 (tac)
[22:30:47] 4 tRNA-Lys [444194,444269] 34 (ttt)
[22:30:47] 5 tmRNA [670556,670918] 90,125 ANDENYALAA**
[22:30:47] 6 tRNA-Met c[688203,688278] 34 (cat)
[22:30:47] 7 tRNA-Arg c[720305,720381] 35 (acg)
[22:30:47] 8 tRNA-Ser c[720760,720852] 35 (gct)
[22:30:47] 9 tRNA-Met [856790,856866] 35 (cat)
[22:30:47] 10 tRNA-Gly c[915395,915468] 33 (ccc)
[22:30:47] 11 tRNA-Phe [1030833,1030908] 34 (gaa)
[22:30:47] 1 tRNA-Pro [57764,57840] 35 (cgg)
[22:30:47] 2 tRNA-Leu [452191,452277] 35 (gag)
[22:30:47] 3 tRNA-Met [456058,456134] 35 (cat)
[22:30:47] 4 tRNA-Met c[567512,567587] 34 (cat)
[22:30:47] 1 tRNA-Val [261692,261768] 35 (gac)
[22:30:47] 2 tRNA-Val [261773,261849] 35 (gac)
[22:30:47] 1 tRNA-Ala c[88060,88135] 34 (tgc)
[22:30:47] 2 tRNA-Ile c[88178,88254] 35 (gat)
[22:30:47] 3 tRNA-Pro c[146264,146340] 35 (tgg)
[22:30:47] 4 tRNA-Leu c[146383,146469] 35 (cag)
[22:30:47] 5 tRNA-His c[146490,146565] 34 (gtg)
[22:30:47] 6 tRNA-Arg c[146624,146700] 35 (ccg)
[22:30:47] 7 tRNA-Trp c[182044,182119] 34 (cca)
[22:30:47] 1 tRNA-Tyr [35725,35809] 35 (gta)
[22:30:47] 1 tRNA-SeC c[19811,19905] 35 (tca)
[22:30:47] 1 tRNA-Arg c[1927,2003] 35 (tct)
[22:30:47] 2 tRNA-Arg c[2017,2093] 35 (tcg)
[22:30:47] 1 tRNA-Thr c[105,180] 34 (ggt)
[22:30:48] 1 tRNA-Leu c[79,163] 35 (tag)
[22:30:48] 1 tRNA-Arg [62,138] 35 (tcg)
[22:30:48] 1 tRNA-Ala [1,76] 34 (ggc)
[22:30:48] 1 tRNA-Gln [1,75] 33 (ttg)
[22:30:48] Found 69 tRNAs
[22:30:48] Predicting Ribosomal RNAs
[22:30:48] Running Barrnap with 8 threads
[22:30:51] 1 NODE_1_length_1911855_cov_74.241476 790305 5S ribosomal RNA
[22:30:51] 2 NODE_1_length_1911855_cov_74.241476 790579 23S ribosomal RNA
[22:30:51] 3 NODE_1_length_1911855_cov_74.241476 793841 16S ribosomal RNA
[22:30:51] 4 NODE_1_length_1911855_cov_74.241476 831886 5S ribosomal RNA
[22:30:51] 5 NODE_1_length_1911855_cov_74.241476 832160 23S ribosomal RNA
[22:30:51] 6 NODE_1_length_1911855_cov_74.241476 835418 16S ribosomal RNA
[22:30:51] 7 NODE_1_length_1911855_cov_74.241476 1410869 16S ribosomal RNA
[22:30:51] 8 NODE_285_length_223_cov_0.720238 19 5S ribosomal RNA
[22:30:51] 9 NODE_2_length_1048041_cov_73.759880 641223 5S ribosomal RNA
[22:30:51] 10 NODE_2_length_1048041_cov_73.759880 641432 23S ribosomal RNA
[22:30:51] 11 NODE_2_length_1048041_cov_73.759880 644690 16S ribosomal RNA
[22:30:51] 12 NODE_3_length_740956_cov_75.729124 353680 16S ribosomal RNA
[22:30:51] 13 NODE_3_length_740956_cov_75.729124 355718 23S ribosomal RNA
[22:30:51] 14 NODE_3_length_740956_cov_75.729124 358574 5S ribosomal RNA
[22:30:51] 15 NODE_5_length_307206_cov_78.387034 84700 5S ribosomal RNA
[22:30:51] 16 NODE_5_length_307206_cov_78.387034 84974 23S ribosomal RNA
[22:30:51] 17 NODE_5_length_307206_cov_78.387034 88324 16S ribosomal RNA
[22:30:51] 18 NODE_5_length_307206_cov_78.387034 185633 16S ribosomal RNA
[22:30:51] 19 NODE_87_length_720_cov_1.094737 314 16S ribosomal RNA (partial)
[22:30:51] Found 19 rRNAs
[22:30:51] Skipping ncRNA search, enable with --rfam if desired.
[22:30:51] Total of 87 tRNA + rRNA features
[22:30:51] Searching for CRISPR repeats
[22:30:52] CRISPR1 NODE_2_length_1048041_cov_73.759880 813151 with 14 spacers
[22:30:53] Found 1 CRISPRs
[22:30:53] Predicting coding sequences
[22:30:53] Contigs total 5456306 bp, so using single mode
[22:30:53] Running: prodigal -i PROKKA_12162019\/PROKKA_12162019\.fna -c -m -g 11 -p single -f sco -q
[22:31:10] Excluding CDS which overlaps existing RNA (rRNA) at NODE_1_length_1911855_cov_74.241476:793940..794194 on - strand
[22:31:10] Excluding CDS which overlaps existing RNA (rRNA) at NODE_1_length_1911855_cov_74.241476:835517..835771 on - strand
[22:31:10] Excluding CDS which overlaps existing RNA (tRNA) at NODE_1_length_1911855_cov_74.241476:1256504..1256749 on - strand
[22:31:11] Excluding CDS which overlaps existing RNA (rRNA) at NODE_1_length_1911855_cov_74.241476:1410968..1411222 on - strand
[22:31:11] Excluding CDS which overlaps existing RNA (tRNA) at NODE_1_length_1911855_cov_74.241476:1901073..1901252 on - strand
[22:31:12] Excluding CDS which overlaps existing RNA (rRNA) at NODE_2_length_1048041_cov_73.759880:644789..645043 on - strand
[22:31:12] Excluding CDS which overlaps existing RNA (tRNA) at NODE_2_length_1048041_cov_73.759880:1030821..1031042 on + strand
[22:31:12] Excluding CDS which overlaps existing RNA (rRNA) at NODE_3_length_740956_cov_75.729124:354864..355118 on + strand
[22:31:14] Excluding CDS which overlaps existing RNA (rRNA) at NODE_5_length_307206_cov_78.387034:88423..88677 on - strand
[22:31:14] Excluding CDS which overlaps existing RNA (rRNA) at NODE_5_length_307206_cov_78.387034:185732..185986 on - strand
[22:31:14] Excluding CDS which overlaps existing RNA (tRNA) at NODE_6_length_209991_cov_72.293227:35716..35988 on - strand
[22:31:15] Excluding CDS which overlaps existing RNA (rRNA) at NODE_87_length_720_cov_1.094737:378..644 on + strand
[22:31:15] Found 5033 CDS
[22:31:15] Connecting features back to sequences
[22:31:15] Not using genus-specific database. Try --usegenus to enable it.
[22:31:15] Annotating CDS, please be patient.
[22:31:15] Will use 8 CPUs for similarity searching.
[22:31:18] There are still 5033 unannotated CDS left (started with 5033)
[22:31:18] Will use blast to search against /nfs/home/azabelkin/.conda/envs/cooler/db/kingdom/Bacteria/IS with 8 CPUs
[22:31:18] Running: cat PROKKA_12162019\/PROKKA_12162019\.IS\.tmp\.5335\.faa | parallel --gnu --plain -j 8 --block 97689 --recstart '>' --pipe blastp -query - -db /nfs/home/azabelkin/.conda/envs/cooler/db/kingdom/Bacteria/IS -evalue 1e-30 -qcov_hsp_perc 90 -num_threads 1 -num_descriptions 1 -num_alignments 1 -seg no > PROKKA_12162019\/PROKKA_12162019\.IS\.tmp\.5335\.blast 2> /dev/null
[22:31:49] Deleting unwanted file: PROKKA_12162019/PROKKA_12162019.IS.tmp.5335.faa
[22:31:49] Deleting unwanted file: PROKKA_12162019/PROKKA_12162019.IS.tmp.5335.blast
[22:31:52] There are still 4960 unannotated CDS left (started with 5033)
[22:31:52] Will use blast to search against /nfs/home/azabelkin/.conda/envs/cooler/db/kingdom/Bacteria/AMR with 8 CPUs
[22:31:52] Running: cat PROKKA_12162019\/PROKKA_12162019\.AMR\.tmp\.5335\.faa | parallel --gnu --plain -j 8 --block 96534 --recstart '>' --pipe blastp -query - -db /nfs/home/azabelkin/.conda/envs/cooler/db/kingdom/Bacteria/AMR -evalue 9.99999999999999e-301 -qcov_hsp_perc 90 -num_threads 1 -num_descriptions 1 -num_alignments 1 -seg no > PROKKA_12162019\/PROKKA_12162019\.AMR\.tmp\.5335\.blast 2> /dev/null
[22:32:17] Deleting unwanted file: PROKKA_12162019/PROKKA_12162019.AMR.tmp.5335.faa
[22:32:17] Deleting unwanted file: PROKKA_12162019/PROKKA_12162019.AMR.tmp.5335.blast
[22:32:20] There are still 4960 unannotated CDS left (started with 5033)
[22:32:20] Will use blast to search against /nfs/home/azabelkin/.conda/envs/cooler/db/kingdom/Bacteria/sprot with 8 CPUs
[22:32:20] Running: cat PROKKA_12162019\/PROKKA_12162019\.sprot\.tmp\.5335\.faa | parallel --gnu --plain -j 8 --block 96534 --recstart '>' --pipe blastp -query - -db /nfs/home/azabelkin/.conda/envs/cooler/db/kingdom/Bacteria/sprot -evalue 1e-09 -qcov_hsp_perc 80 -num_threads 1 -num_descriptions 1 -num_alignments 1 -seg no > PROKKA_12162019\/PROKKA_12162019\.sprot\.tmp\.5335\.blast 2> /dev/null
[22:34:06] Modify product: Uncharacterized protein YjjI => putative protein YjjI
[22:34:06] Modify product: Uncharacterized metal-dependent hydrolase YjjV => putative metal-dependent hydrolase YjjV
[22:34:06] Modify product: UPF0442 protein YjjB => hypothetical protein
[22:34:06] Modify product: Probable HTH-type transcriptional regulator LgoR => putative HTH-type transcriptional regulator LgoR
[22:34:06] Modify product: Probable L-galactonate transporter => putative L-galactonate transporter
[22:34:06] Modify product: Probable type I restriction enzyme BthVORF4518P M protein => putative type I restriction enzymeP M protein
[22:34:06] Modify product: Uncharacterized protein YjiK => putative protein YjiK
[22:34:06] Modify product: Probable RNA 2'-phosphotransferase => putative RNA 2'-phosphotransferase
[22:34:06] Modify product: Probable L,D-transpeptidase ErfK/SrfK => putative L,D-transpeptidase ErfK/SrfK
[22:34:06] Modify product: Probable FMN/FAD exporter YeeO => putative FMN/FAD exporter YeeO
[22:34:06] Modify product: Probable transcriptional regulatory protein YeeN => putative transcriptional regulatory protein YeeN
[22:34:06] Modify product: Putative multidrug export ATP-binding/permease protein SAV1866 => Putative multidrug export ATP-binding/permease protein
[22:34:06] Modify product: Uncharacterized protein YedJ => putative protein YedJ
[22:34:06] Modify product: Uncharacterized inner membrane transporter YedA => putative inner membrane transporter YedA
[22:34:06] Modify product: Probable diguanylate cyclase DgcQ => putative diguanylate cyclase DgcQ
[22:34:06] Modify product: Probable diguanylate cyclase DgcQ => putative diguanylate cyclase DgcQ
[22:34:06] Modify product: UPF0098 protein YbcL => hypothetical protein
[22:34:06] Modify product: UPF0394 inner membrane protein YedE => hypothetical protein
[22:34:06] Modify product: Uncharacterized HTH-type transcriptional regulator HI_1476 => putative HTH-type transcriptional regulator
[22:34:06] Modify product: UPF0394 inner membrane protein YeeE => hypothetical protein
[22:34:06] Modify product: UPF0053 inner membrane protein YoaE => hypothetical protein
[22:34:06] Modify product: Probable diguanylate cyclase DgcE => putative diguanylate cyclase DgcE
[22:34:06] Modify product: UPF0319 protein HI_1681 => hypothetical protein
[22:34:06] Modify product: Uncharacterized protein YccU => putative protein YccU
[22:34:06] Modify product: Probable Ni/Fe-hydrogenase 1 B-type cytochrome subunit => putative Ni/Fe-hydrogenase 1 B-type cytochrome subunit
[22:34:06] Modify product: Uncharacterized lipoprotein GfcB => putative lipoprotein GfcB
[22:34:06] Modify product: Uncharacterized protein YccJ => putative protein YccJ
[22:34:06] Modify product: Probable malonic semialdehyde reductase RutE => putative malonic semialdehyde reductase RutE
[22:34:06] Modify product: Probable diguanylate cyclase DgcT => putative diguanylate cyclase DgcT
[22:34:07] Modify product: Uncharacterized HTH-type transcriptional regulator YbbH => putative HTH-type transcriptional regulator YbbH
[22:34:07] Modify product: Uncharacterized protein YjgL => putative protein YjgL
[22:34:07] Modify product: Uncharacterized protein YjgL => putative protein YjgL
[22:34:07] Modify product: UPF0307 protein YjgA => hypothetical protein
[22:34:07] Modify product: UPF0053 inner membrane protein YtfL => hypothetical protein
[22:34:07] Modify product: Uncharacterized protein YtfJ => putative protein YtfJ
[22:34:07] Modify product: Probable L-ascorbate-6-phosphate lactonase UlaG => putative L-ascorbate-6-phosphate lactonase UlaG
[22:34:07] Modify product: UPF0719 inner membrane protein YjfL => hypothetical protein
[22:34:07] Modify product: UPF0716 protein FxsA => hypothetical protein
[22:34:07] Modify product: Probable cadaverine/lysine antiporter => putative cadaverine/lysine antiporter
[22:34:07] Modify product: Uncharacterized protein YjdJ => putative protein YjdJ
[22:34:07] Modify product: UPF0255 protein VV1_0328 => hypothetical protein
[22:34:07] Modify product: Uncharacterized N-acetyltransferase YafP => putative N-acetyltransferase YafP
[22:34:07] Modify product: Uncharacterized methyltransferase YcgJ => putative methyltransferase YcgJ
[22:34:07] Modify product: Uncharacterized protein YaeQ => putative protein YaeQ
[22:34:07] Modify product: UPF0253 protein YaeP => hypothetical protein
[22:34:07] Modify product: UPF0126 inner membrane protein YadS => hypothetical protein
[22:34:07] Modify product: Uncharacterized fimbrial-like protein YadN => putative fimbrial-like protein YadN
[22:34:07] Modify product: Probable fimbrial chaperone YadV => putative fimbrial chaperone YadV
[22:34:07] Modify product: Uncharacterized fimbrial-like protein YadM => putative fimbrial-like protein YadM
[22:34:07] Modify product: Uncharacterized fimbrial-like protein YadL => putative fimbrial-like protein YadL
[22:34:07] Modify product: Uncharacterized fimbrial-like protein YadK => putative fimbrial-like protein YadK
[22:34:07] Modify product: Uncharacterized fimbrial-like protein YadC => putative fimbrial-like protein YadC
[22:34:07] Modify product: Uncharacterized ABC transporter ATP-binding protein YadG => putative ABC transporter ATP-binding protein YadG
[22:34:07] Modify product: UPF0231 protein YacL => hypothetical protein
[22:34:07] Modify product: Probable peptidoglycan glycosyltransferase FtsW => putative peptidoglycan glycosyltransferase FtsW
[22:34:07] Modify product: Probable inner membrane protein Smp => putative inner membrane protein Smp
[22:34:07] Modify product: Probable multidrug resistance protein EmrY => putative multidrug resistance protein EmrY
[22:34:07] Modify product: Probable multidrug resistance protein EmrK => putative multidrug resistance protein EmrK
[22:34:08] Modify product: Probable cyclic di-GMP phosphodiesterase PdeA => putative cyclic di-GMP phosphodiesterase PdeA
[22:34:08] Modify product: Uncharacterized protein YfeY => putative protein YfeY
[22:34:08] Modify product: Uncharacterized protein Rv2575 => putative protein
[22:34:08] Modify product: Probable formate transporter 2 => putative formate transporter 2
[22:34:08] Modify product: Uncharacterized protein YfgD => putative protein YfgD
[22:34:08] Modify product: Uncharacterized protein YfgJ => putative protein YfgJ
[22:34:08] Modify product: UPF0070 protein HI_0370 => hypothetical protein
[22:34:08] Modify product: Uncharacterized protein Rv2307c => putative protein
[22:34:08] Modify product: Probable 3-phenylpropionic acid transporter => putative 3-phenylpropionic acid transporter
[22:34:08] Modify product: Uncharacterized protein YphB => putative protein YphB
[22:34:08] Modify product: Uncharacterized tRNA/rRNA methyltransferase YfiF => putative tRNA/rRNA methyltransferase YfiF
[22:34:08] Modify product: UPF0053 inner membrane protein YfjD => hypothetical protein
[22:34:08] Modify product: UPF0125 protein RatB => hypothetical protein
[22:34:08] Modify product: Probable HTH-type transcriptional regulator YgaV => putative HTH-type transcriptional regulator YgaV
[22:34:08] Modify product: Uncharacterized protein YgaM => putative protein YgaM
[22:34:08] Modify product: Probable transporter SCO4007 => putative transporter
[22:34:08] Modify product: UPF0339 protein YegP => hypothetical protein
[22:34:08] Modify product: 23S rRNA 5-hydroxycytidine C2501 synthase => 23S rRNA 5-hydroxycytidine synthase
[22:34:08] Modify product: Uncharacterized fimbrial-like protein YehA => putative fimbrial-like protein YehA
[22:34:08] Modify product: Probable fimbrial chaperone YehC => putative fimbrial chaperone YehC
[22:34:08] Modify product: Uncharacterized fimbrial-like protein YehD => putative fimbrial-like protein YehD
[22:34:08] Modify product: Uncharacterized protein YehL => putative protein YehL
[22:34:08] Modify product: Uncharacterized lipoprotein YehR => putative lipoprotein YehR
[22:34:08] Modify product: UPF0387 membrane protein YohO => hypothetical protein
[22:34:08] Modify product: Uncharacterized oxidoreductase YohF => putative oxidoreductase YohF
[22:34:08] Modify product: UPF0299 membrane protein YohJ => hypothetical protein
[22:34:08] Modify product: UPF0324 inner membrane protein YeiH => hypothetical protein
[22:34:08] Modify product: UPF0153 protein YeiW => hypothetical protein
[22:34:08] Modify product: Probable cyclic di-GMP phosphodiesterase PdeN => putative cyclic di-GMP phosphodiesterase PdeN
[22:34:08] Modify product: Uncharacterized ABC transporter ATP-binding protein YejF => putative ABC transporter ATP-binding protein YejF
[22:34:08] Modify product: Uncharacterized protein YejG => putative protein YejG
[22:34:08] Modify product: UPF0352 protein YejL => hypothetical protein
[22:34:08] Modify product: Probable autotransporter ROD_p1121 => putative autotransporter
[22:34:08] Modify product: Probable autotransporter YfaL => putative autotransporter YfaL
[22:34:08] Modify product: Probable 4-deoxy-4-formamido-L-arabinose-phosphoundecaprenol deformylase ArnD => putative 4-deoxy-4-formamido-L-arabinose-phosphoundecaprenol deformylase ArnD
[22:34:08] Modify product: Probable 4-amino-4-deoxy-L-arabinose-phosphoundecaprenol flippase subunit ArnE => putative 4-amino-4-deoxy-L-arabinose-phosphoundecaprenol flippase subunit ArnE
[22:34:08] Modify product: Probable 4-amino-4-deoxy-L-arabinose-phosphoundecaprenol flippase subunit ArnF => putative 4-amino-4-deoxy-L-arabinose-phosphoundecaprenol flippase subunit ArnF
[22:34:09] Modify product: UPF0304 protein YfbU => hypothetical protein
[22:34:09] Modify product: UPF0208 membrane protein YfbV => hypothetical protein
[22:34:09] Modify product: Uncharacterized Nudix hydrolase YfcD => putative Nudix hydrolase YfcD
[22:34:09] Modify product: Epimerase family protein SA0724 => Epimerase family protein
[22:34:09] Modify product: Uncharacterized MFS-type transporter YfcJ => putative MFS-type transporter YfcJ
[22:34:09] Modify product: Probable membrane transporter protein YfcA => putative membrane transporter protein YfcA
[22:34:09] Modify product: Uncharacterized protein YfcO => putative protein YfcO
[22:34:09] Modify product: Uncharacterized fimbrial-like protein YfcP => putative fimbrial-like protein YfcP
[22:34:09] Modify product: Uncharacterized fimbrial-like protein YfcQ => putative fimbrial-like protein YfcQ
[22:34:09] Modify product: Uncharacterized fimbrial-like protein YfcR => putative fimbrial-like protein YfcR
[22:34:09] Modify product: Probable fimbrial chaperone YfcS => putative fimbrial chaperone YfcS
[22:34:09] Modify product: Uncharacterized fimbrial-like protein YfcV => putative fimbrial-like protein YfcV
[22:34:09] Modify product: UPF0381 protein YiiS => hypothetical protein
[22:34:09] Modify product: Uncharacterized protein HI_1410 => putative protein
[22:34:09] Modify product: Probable transcriptional regulator PhnF => putative transcriptional regulator PhnF
[22:34:09] Modify product: Uncharacterized ferredoxin-like protein YdhX => putative ferredoxin-like protein YdhX
[22:34:09] Modify product: Probable cyclic di-GMP phosphodiesterase PdeC => putative cyclic di-GMP phosphodiesterase PdeC
[22:34:09] Modify product: Uncharacterized protein YjbR => putative protein YjbR
[22:34:09] Modify product: UPF0337 protein YjbJ => hypothetical protein
[22:34:09] Modify product: Uncharacterized lipoprotein GfcB => putative lipoprotein GfcB
[22:34:09] Modify product: Uncharacterized protein HI_0431 => putative protein
[22:34:09] Modify product: Probable L-galactonate transporter => putative L-galactonate transporter
[22:34:09] Modify product: Probable cystine transporter YijE => putative cystine transporter YijE
[22:34:09] Modify product: Uncharacterized protein YbfE => putative protein YbfE
[22:34:09] Modify product: Uncharacterized lipoprotein ChiQ => putative lipoprotein ChiQ
[22:34:09] Modify product: UPF0250 protein YbeD => hypothetical protein
[22:34:09] Modify product: Uncharacterized HTH-type transcriptional regulator YbdO => putative HTH-type transcriptional regulator YbdO
[22:34:09] Modify product: Probable zinc-binding alcohol dehydrogenase Rv1895 => putative zinc-binding alcohol dehydrogenase
[22:34:09] Modify product: Uncharacterized HTH-type transcriptional regulator YbdO => putative HTH-type transcriptional regulator YbdO
[22:34:09] Modify product: Uncharacterized protein YbdM => putative protein YbdM
[22:34:09] Modify product: Uncharacterized fimbrial-like protein SfmF => putative fimbrial-like protein SfmF
[22:34:09] Modify product: Uncharacterized fimbrial-like protein SfmH => putative fimbrial-like protein SfmH
[22:34:09] Modify product: Probable fimbrial chaperone SfmC => putative fimbrial chaperone SfmC
[22:34:09] Modify product: Uncharacterized fimbrial-like protein SfmA => putative fimbrial-like protein SfmA
[22:34:09] Modify product: Bifunctional protein FolD => Bifunctional protein FolD protein
[22:34:09] Modify product: Uncharacterized protein YbcJ => putative protein YbcJ
[22:34:09] Modify product: Uncharacterized protein YbbC => putative protein YbbC
[22:34:09] Modify product: Probable iron export permease protein FetB => putative iron export permease protein FetB
[22:34:09] Modify product: Probable iron export ATP-binding protein FetA => putative iron export ATP-binding protein FetA
[22:34:09] Modify product: Uncharacterized HTH-type transcriptional regulator YbaQ => putative HTH-type transcriptional regulator YbaQ
[22:34:10] Modify product: Probable cyclic di-GMP phosphodiesterase PdeB => putative cyclic di-GMP phosphodiesterase PdeB
[22:34:10] Modify product: Uncharacterized protein YbaA => putative protein YbaA
[22:34:10] Modify product: Uncharacterized lipoprotein YbaY => putative lipoprotein YbaY
[22:34:10] Modify product: Probable multidrug resistance ABC transporter ATP-binding/permease protein YheI => putative multidrug resistance ABC transporter ATP-binding/permease protein YheI
[22:34:10] Modify product: Uncharacterized protein HI_1008 => putative protein
[22:34:10] Modify product: UPF0234 protein YajQ => hypothetical protein
[22:34:10] Modify product: Uncharacterized lipoprotein YajI => putative lipoprotein YajI
[22:34:10] Modify product: Uncharacterized lipoprotein YajI => putative lipoprotein YajI
[22:34:10] Modify product: Uncharacterized protein YaiA => putative protein YaiA
[22:34:10] Modify product: UPF0178 protein YaiI => hypothetical protein
[22:34:10] Modify product: Probable diguanylate cyclase DgcC => putative diguanylate cyclase DgcC
[22:34:10] Modify product: Uncharacterized transporter YycB => putative transporter YycB
[22:34:10] Modify product: Uncharacterized HTH-type transcriptional regulator YahB => putative HTH-type transcriptional regulator YahB
[22:34:10] Modify product: Probable pyridine nucleotide-disulfide oxidoreductase RclA => putative pyridine nucleotide-disulfide oxidoreductase RclA
[22:34:10] Modify product: Uncharacterized membrane protein YkgR => putative membrane protein YkgR
[22:34:10] Modify product: Probable fimbrial chaperone EcpB => putative fimbrial chaperone EcpB
[22:34:10] Modify product: Probable outer membrane usher protein EcpC => putative outer membrane usher protein EcpC
[22:34:10] Modify product: Probable fimbrial chaperone EcpE => putative fimbrial chaperone EcpE
[22:34:10] Modify product: GTP cyclohydrolase 1 type 2 homolog => GTP cyclohydrolase 1 type 2 
[22:34:10] Modify product: Uncharacterized fimbrial-like protein YbgD => putative fimbrial-like protein YbgD
[22:34:10] Modify product: Uncharacterized HTH-type transcriptional regulator HI_1476 => putative HTH-type transcriptional regulator
[22:34:10] Modify product: Uncharacterized protein YlcG => putative protein YlcG
[22:34:10] Modify product: Uncharacterized protein YdfO => putative protein YdfO
[22:34:10] Modify product: Prophage tail fiber assembly protein homolog TfaE => Prophage tail fiber assembly protein TfaE
[22:34:10] Modify product: Probable diguanylate cyclase CdgI => putative diguanylate cyclase CdgI
[22:34:10] Modify product: UPF0098 protein YbhB => hypothetical protein
[22:34:10] Modify product: Probable multidrug ABC transporter permease YbhR => putative multidrug ABC transporter permease YbhR
[22:34:10] Modify product: Probable multidrug ABC transporter permease YbhS => putative multidrug ABC transporter permease YbhS
[22:34:10] Modify product: Probable multidrug ABC transporter ATP-binding protein YbhF => putative multidrug ABC transporter ATP-binding protein YbhF
[22:34:10] Modify product: UPF0194 membrane protein YbhG => hypothetical protein
[22:34:10] Modify product: Uncharacterized protein YbiB => putative protein YbiB
[22:34:10] Modify product: Uncharacterized protein YbiI => putative protein YbiI
[22:34:10] Modify product: PKHD-type hydroxylase Sbal_3634 => PKHD-type hydroxylase
[22:34:10] Modify product: Uncharacterized protein McbA => putative protein McbA
[22:34:10] Modify product: Probable L,D-transpeptidase YbiS => putative L,D-transpeptidase YbiS
[22:34:10] Modify product: Uncharacterized ABC transporter ATP-binding protein YbiT => putative ABC transporter ATP-binding protein YbiT
[22:34:10] Modify product: Uncharacterized protein YbiU => putative protein YbiU
[22:34:10] Modify product: Probable cyclic di-GMP phosphodiesterase PdeI => putative cyclic di-GMP phosphodiesterase PdeI
[22:34:10] Modify product: Uncharacterized protein YbjN => putative protein YbjN
[22:34:10] Modify product: Uncharacterized lipoprotein YbjP => putative lipoprotein YbjP
[22:34:10] Modify product: UPF0145 protein YbjQ => hypothetical protein
[22:34:10] Modify product: Probable hydrolase YcaC => putative hydrolase YcaC
[22:34:10] Modify product: Uncharacterized MFS-type transporter YcaD => putative MFS-type transporter YcaD
[22:34:10] Modify product: Probable formate transporter 1 => putative formate transporter 1
[22:34:10] Modify product: UPF0434 protein YcaR => hypothetical protein
[22:34:10] Modify product: Probable L,D-transpeptidase YcbB => putative L,D-transpeptidase YcbB
[22:34:10] Modify product: Probable fimbrial chaperone protein ElfD => putative fimbrial chaperone protein ElfD
[22:34:10] Modify product: Probable outer membrane usher protein ElfC => putative outer membrane usher protein ElfC
[22:34:10] Modify product: Uncharacterized fimbrial-like protein ElfG => putative fimbrial-like protein ElfG
[22:34:10] Modify product: Uncharacterized fimbrial-like protein YcbU => putative fimbrial-like protein YcbU
[22:34:10] Modify product: Uncharacterized fimbrial-like protein YcbV => putative fimbrial-like protein YcbV
[22:34:10] Modify product: Uncharacterized fimbrial chaperone YcbF => putative fimbrial chaperone YcbF
[22:34:10] Modify product: Uncharacterized protein YcbX => putative protein YcbX
[22:34:11] Modify product: Probable UbiX-like flavin prenyltransferase => putative UbiX-like flavin prenyltransferase
[22:34:11] Modify product: Uncharacterized protein YgcP => putative protein YgcP
[22:34:11] Modify product: Uncharacterized protein YqcG => putative protein YqcG
[22:34:11] Modify product: Probable glucarate transporter => putative glucarate transporter
[22:34:11] Modify product: Uncharacterized protein PA3435 => putative protein
[22:34:11] Modify product: Uncharacterized protein YqcC => putative protein YqcC
[22:34:11] Modify product: Uncharacterized HTH-type transcriptional regulator YdjF => putative HTH-type transcriptional regulator YdjF
[22:34:11] Modify product: UPF0382 inner membrane protein YgdD => hypothetical protein
[22:34:11] Modify product: Uncharacterized lipoprotein YgdR => putative lipoprotein YgdR
[22:34:11] Modify product: UPF0053 inner membrane protein YgdQ => hypothetical protein
[22:34:11] Modify product: Uncharacterized lipoprotein YgdR => putative lipoprotein YgdR
[22:34:11] Modify product: Uncharacterized response regulatory protein YgeK => putative response regulatory protein YgeK
[22:34:11] Modify product: Uncharacterized protein YqfG => putative protein YqfG
[22:34:11] Modify product: UPF0073 inner membrane protein YqfA => hypothetical protein
[22:34:11] Modify product: UPF0267 protein YqfB => hypothetical protein
[22:34:11] Modify product: Uncharacterized oxidoreductase YgfF => putative oxidoreductase YgfF
[22:34:11] Modify product: UPF0149 protein HI_0817 => hypothetical protein
[22:34:11] Modify product: UPF0301 protein YqgE => hypothetical protein
[22:34:11] Modify product: Uncharacterized protein YggR => putative protein YggR
[22:34:11] Modify product: UPF0235 protein YggU => hypothetical protein
[22:34:11] Modify product: Uncharacterized protein HI_0341 => putative protein
[22:34:11] Modify product: Probable Fe(2+)-trafficking protein => putative Fe(2+)-trafficking protein
[22:34:11] Modify product: Uncharacterized GST-like protein YibF => putative GST-like protein YibF
[22:34:11] Modify product: Uncharacterized protein YhcH => putative protein YhcH
[22:34:11] Modify product: Probable lipoprotein YiaD => putative lipoprotein YiaD
[22:34:11] Modify product: Uncharacterized MFS-type transporter YhjX => putative MFS-type transporter YhjX
[22:34:11] Modify product: Probable major fimbrial subunit LpfA => putative major fimbrial subunit LpfA
[22:34:11] Modify product: Probable fimbrial chaperone LpfB => putative fimbrial chaperone LpfB
[22:34:11] Modify product: Probable minor fimbrial subunit LpfD => putative minor fimbrial subunit LpfD
[22:34:11] Modify product: Probable fimbrial subunit LpfE => putative fimbrial subunit LpfE
[22:34:11] Modify product: Probable cyclic di-GMP phosphodiesterase PdeK => putative cyclic di-GMP phosphodiesterase PdeK
[22:34:11] Modify product: Uncharacterized protein HI_0933 => putative protein
[22:34:11] Modify product: Probable copper-binding protein PcoE => putative copper-binding protein PcoE
[22:34:11] Modify product: Uncharacterized MFS-type transporter YhhS => putative MFS-type transporter YhhS
[22:34:12] Modify product: Uncharacterized protein YhhA => putative protein YhhA
[22:34:12] Modify product: Uncharacterized oxidoreductase YhhX => putative oxidoreductase YhhX
[22:34:12] Modify product: UPF0056 inner membrane protein YhgN => hypothetical protein
[22:34:12] Modify product: Probable [Fe-S]-dependent transcriptional repressor FeoC => putative [Fe-S]-dependent transcriptional repressor FeoC
[22:34:12] Modify product: Putative membrane protein IgaA homolog => Putative membrane protein IgaA 
[22:34:12] Modify product: Uncharacterized protein YhfX => putative protein YhfX
[22:34:12] Modify product: Uncharacterized protein YhfS => putative protein YhfS
[22:34:12] Modify product: Probable fructoselysine utilization operon transcriptional repressor => putative fructoselysine utilization operon transcriptional repressor
[22:34:12] Modify product: Probable fructoselysine/psicoselysine transporter FrlA => putative fructoselysine/psicoselysine transporter FrlA
[22:34:12] Modify product: Uncharacterized protein YhfG => putative protein YhfG
[22:34:12] Modify product: Probable protein adenylyltransferase Fic => putative protein adenylyltransferase Fic
[22:34:12] Modify product: UPF0270 protein PA3463 => hypothetical protein
[22:34:12] Modify product: Uncharacterized ABC transporter ATP-binding protein YheS => putative ABC transporter ATP-binding protein YheS
[22:34:12] Modify product: Protein SlyX homolog => Protein SlyX 
[22:34:12] Modify product: Uncharacterized protein YtfJ => putative protein YtfJ
[22:34:12] Modify product: Uncharacterized FAD-linked oxidoreductase Rv2280 => putative FAD-linked oxidoreductase
[22:34:12] Modify product: UPF0758 protein YsxA => hypothetical protein
[22:34:12] Modify product: UPF0401 protein YkfF => hypothetical protein
[22:34:12] Modify product: Uncharacterized isomerase YddE => putative isomerase YddE
[22:34:12] Modify product: Probable nitrate reductase molybdenum cofactor assembly chaperone NarW => putative nitrate reductase molybdenum cofactor assembly chaperone NarW
[22:34:12] Modify product: Uncharacterized HTH-type transcriptional regulator YddM => putative HTH-type transcriptional regulator YddM
[22:34:12] Modify product: Probable D,D-dipeptide transport ATP-binding protein DdpF => putative D,D-dipeptide transport ATP-binding protein DdpF
[22:34:12] Modify product: Probable D,D-dipeptide transport ATP-binding protein DdpD => putative D,D-dipeptide transport ATP-binding protein DdpD
[22:34:12] Modify product: Probable D,D-dipeptide transport system permease protein DdpC => putative D,D-dipeptide transport system permease protein DdpC
[22:34:12] Modify product: Probable D,D-dipeptide transport system permease protein DdpB => putative D,D-dipeptide transport system permease protein DdpB
[22:34:12] Modify product: Probable D,D-dipeptide-binding periplasmic protein DdpA => putative D,D-dipeptide-binding periplasmic protein DdpA
[22:34:12] Modify product: Probable glutamate/gamma-aminobutyrate antiporter => putative glutamate/gamma-aminobutyrate antiporter
[22:34:12] Modify product: UPF0056 inner membrane protein MarC => hypothetical protein
[22:34:12] Modify product: Probable amino-acid metabolite efflux pump => putative amino-acid metabolite efflux pump
[22:34:12] Modify product: UPF0060 membrane protein YnfA => hypothetical protein
[22:34:12] Modify product: UPF0482 protein YnfB => hypothetical protein
[22:34:12] Modify product: Uncharacterized protein YnfD => putative protein YnfD
[22:34:12] Modify product: Probable dimethyl sulfoxide reductase chain YnfF => putative dimethyl sulfoxide reductase chain YnfF
[22:34:12] Modify product: Uncharacterized oxidoreductase YdgJ => putative oxidoreductase YdgJ
[22:34:12] Modify product: Uncharacterized protein YggR => putative protein YggR
[22:34:12] Modify product: UPF0401 protein YkfF => hypothetical protein
[22:34:12] Modify product: UPF0126 inner membrane protein YicG => hypothetical protein
[22:34:12] Modify product: UPF0701 protein YicC => hypothetical protein
[22:34:12] Modify product: UPF0758 protein SP_1088 => hypothetical protein
[22:34:12] Modify product: Uncharacterized protein HI_0755 => putative protein
[22:34:12] Modify product: Uncharacterized protein YibN => putative protein YibN
[22:34:12] Modify product: Uncharacterized protein YibL => putative protein YibL
[22:34:13] Modify product: Uncharacterized ABC transporter ATP-binding protein YknY => putative ABC transporter ATP-binding protein YknY
[22:34:13] Modify product: Probable RNA polymerase sigma factor FecI => putative RNA polymerase sigma factor FecI
[22:34:13] Modify product: UPF0265 protein YeeX => hypothetical protein
[22:34:13] Modify product: UPF0401 protein YkfF => hypothetical protein
[22:34:13] Modify product: UPF0758 protein CT0611 => hypothetical protein
[22:34:13] Modify product: Uncharacterized protein YnhF => putative protein YnhF
[22:34:13] Modify product: Uncharacterized HTH-type transcriptional regulator YahB => putative HTH-type transcriptional regulator YahB
[22:34:13] Modify product: Probable autotransporter ROD_p1121 => putative autotransporter
[22:34:13] Modify product: Uncharacterized protein YdhT => putative protein YdhT
[22:34:13] Modify product: Uncharacterized ferredoxin-like protein YdhX => putative ferredoxin-like protein YdhX
[22:34:13] Modify product: Uncharacterized protein YdhW => putative protein YdhW
[22:34:13] Modify product: Uncharacterized oxidoreductase YdhV => putative oxidoreductase YdhV
[22:34:13] Modify product: Uncharacterized ferredoxin-like protein YdhY => putative ferredoxin-like protein YdhY
[22:34:13] Modify product: Probable L,D-transpeptidase YnhG => putative L,D-transpeptidase YnhG
[22:34:13] Modify product: Probable ATP-dependent transporter SufC => putative ATP-dependent transporter SufC
[22:34:13] Modify product: Uncharacterized protein HI_1163 => putative protein
[22:34:13] Modify product: Uncharacterized protein YdiE => putative protein YdiE
[22:34:13] Modify product: Prophage tail fiber assembly protein homolog TfaE => Prophage tail fiber assembly protein TfaE
[22:34:13] Modify product: Uncharacterized protein YniD => putative protein YniD
[22:34:13] Modify product: Probable ketoamine kinase lp_1983 => putative ketoamine kinase
[22:34:13] Modify product: Uncharacterized HTH-type transcriptional regulator YdjF => putative HTH-type transcriptional regulator YdjF
[22:34:13] Modify product: Uncharacterized sugar kinase YdjH => putative sugar kinase YdjH
[22:34:13] Modify product: Uncharacterized protein YdjI => putative protein YdjI
[22:34:13] Modify product: Uncharacterized zinc-type alcohol dehydrogenase-like protein YdjJ => putative zinc-type alcohol dehydrogenase-like protein YdjJ
[22:34:13] Modify product: Stress response UPF0229 protein YhbH => hypothetical protein
[22:34:13] Modify product: Probable diguanylate cyclase CdgI => putative diguanylate cyclase CdgI
[22:34:13] Modify product: Probable diguanylate cyclase DgcJ => putative diguanylate cyclase DgcJ
[22:34:13] Modify product: Uncharacterized protein YeaR => putative protein YeaR
[22:34:13] Modify product: Probable ATP-dependent DNA helicase YoaA => putative ATP-dependent DNA helicase YoaA
[22:34:13] Modify product: Probable cyclic di-GMP phosphodiesterase PdeD => putative cyclic di-GMP phosphodiesterase PdeD
[22:34:13] Modify product: UPF0053 inner membrane protein YoaE => hypothetical protein
[22:34:13] Modify product: UPF0266 membrane protein YobD => hypothetical protein
[22:34:13] Modify product: Probable manganese efflux pump MntP => putative manganese efflux pump MntP
[22:34:13] Modify product: Uncharacterized protein YebV => putative protein YebV
[22:34:13] Modify product: Probable transcriptional regulatory protein YebC => putative transcriptional regulatory protein YebC
[22:34:13] Modify product: UPF0381 protein YiiS => hypothetical protein
[22:34:13] Modify product: UPF0761 membrane protein YihY => hypothetical protein
[22:34:13] Modify product: Uncharacterized protein YphB => putative protein YphB
[22:34:13] Modify product: Uncharacterized zinc-type alcohol dehydrogenase-like protein YjmD => putative zinc-type alcohol dehydrogenase-like protein YjmD
[22:34:14] Modify product: Uncharacterized membrane protein YhdT => putative membrane protein YhdT
[22:34:14] Modify product: Probable acrylyl-CoA reductase AcuI => putative acrylyl-CoA reductase AcuI
[22:34:14] Modify product: Uncharacterized protein YhcO => putative protein YhcO
[22:34:14] Modify product: Uncharacterized protein YhcH => putative protein YhcH
[22:34:14] Modify product: Uncharacterized protein YrbL => putative protein YrbL
[22:34:14] Modify product: Uncharacterized inner membrane transporter YhbE => putative inner membrane transporter YhbE
[22:34:14] Modify product: Uncharacterized protease YhbU => putative protease YhbU
[22:34:14] Modify product: UPF0213 protein BH0048 => hypothetical protein
[22:34:14] Modify product: Uncharacterized fimbrial-like protein YraK => putative fimbrial-like protein YraK
[22:34:14] Modify product: Probable fimbrial chaperone YraI => putative fimbrial chaperone YraI
[22:34:14] Modify product: Uncharacterized fimbrial-like protein YraH => putative fimbrial-like protein YraH
[22:34:14] Modify product: Probable galactarate transporter => putative galactarate transporter
[22:34:14] Modify product: Probable serine transporter => putative serine transporter
[22:34:14] Modify product: UPF0597 protein YhaM => hypothetical protein
[22:34:14] Modify product: Uncharacterized protein YqjD => putative protein YqjD
[22:34:14] Modify product: Probable glycerol-3-phosphate acyltransferase => putative glycerol-3-phosphate acyltransferase
[22:34:14] Modify product: Uncharacterized fimbrial-like protein YbgD => putative fimbrial-like protein YbgD
[22:34:14] Modify product: Probable quinol monooxygenase YgiN => putative quinol monooxygenase YgiN
[22:34:14] Modify product: Uncharacterized oxidoreductase YghA => putative oxidoreductase YghA
[22:34:14] Modify product: Probable Ni/Fe-hydrogenase 2 b-type cytochrome subunit => putative Ni/Fe-hydrogenase 2 b-type cytochrome subunit
[22:34:14] Modify product: Uncharacterized protein YcgM => putative protein YcgM
[22:34:14] Modify product: Probable autotransporter ROD_p1121 => putative autotransporter
[22:34:14] Modify product: UPF0757 protein YmgG => hypothetical protein
[22:34:14] Modify product: Uncharacterized protein YmgD => putative protein YmgD
[22:34:14] Modify product: Probable cyclic di-GMP phosphodiesterase PdeG => putative cyclic di-GMP phosphodiesterase PdeG
[22:34:14] Modify product: Uncharacterized protein YmgC => putative protein YmgC
[22:34:14] Modify product: Probable two-component-system connector protein AriR => putative two-component-system connector protein AriR
[22:34:14] Modify product: Probable two-component-system connector protein YcgZ => putative two-component-system connector protein YcgZ
[22:34:14] Modify product: Uncharacterized protein YdfO => putative protein YdfO
[22:34:14] Modify product: Probable L,D-transpeptidase YcfS => putative L,D-transpeptidase YcfS
[22:34:14] Modify product: UPF0227 protein YcfP => hypothetical protein
[22:34:14] Modify product: Uncharacterized metal-dependent hydrolase YcfH => putative metal-dependent hydrolase YcfH
[22:34:14] Modify product: UPF0502 protein YceH => hypothetical protein
[22:34:14] Modify product: Uncharacterized lipoprotein YceB => putative lipoprotein YceB
[22:34:14] Modify product: Uncharacterized protein YceO => putative protein YceO
[22:34:14] Modify product: Cytochrome b561 homolog 2 => Cytochrome b561 
[22:34:14] Modify product: UPF0176 protein YceA => hypothetical protein
[22:34:14] Modify product: Probable phosphatase YcdX => putative phosphatase YcdX
[22:34:14] Modify product: Uncharacterized protein YncE => putative protein YncE
[22:34:14] Modify product: Uncharacterized protein YdcY => putative protein YdcY
[22:34:14] Modify product: 23S rRNA 5-hydroxycytidine C2501 synthase => 23S rRNA 5-hydroxycytidine synthase
[22:34:14] Modify product: Uncharacterized protein Rv3292 => putative protein
[22:34:14] Modify product: Uncharacterized protein YnbD => putative protein YnbD
[22:34:14] Modify product: Uncharacterized protein YnbC => putative protein YnbC
[22:34:15] Modify product: Probable DNA endonuclease SmrA => putative DNA endonuclease SmrA
[22:34:15] Modify product: Uncharacterized protein YcjY => putative protein YcjY
[22:34:15] Modify product: UPF0283 membrane protein YcjF => hypothetical protein
[22:34:15] Modify product: Uncharacterized protein YcjX => putative protein YcjX
[22:34:15] Modify product: Uncharacterized protein HI_1162 => putative protein
[22:34:15] Modify product: UPF0509 protein YciZ => hypothetical protein
[22:34:15] Modify product: Uncharacterized protein YciH => putative protein YciH
[22:34:15] Modify product: Probable protease SohB => putative protease SohB
[22:34:15] Modify product: Uncharacterized oxidoreductase YciK => putative oxidoreductase YciK
[22:34:15] Modify product: Uncharacterized protein YciO => putative protein YciO
[22:34:15] Modify product: UPF0401 protein YkfF => hypothetical protein
[22:34:15] Modify product: Uncharacterized protein YshB => putative protein YshB
[22:34:15] Modify product: Probable GTP-binding protein EngB => putative GTP-binding protein EngB
[22:34:15] Modify product: Probable acyltransferase YihG => putative acyltransferase YihG
[22:34:15] Modify product: Probable protein kinase UbiB => putative protein kinase UbiB
[22:34:15] Modify product: Probable transport protein YifK => putative transport protein YifK
[22:34:15] Modify product: Probable ECA polymerase => putative ECA polymerase
[22:34:15] Modify product: UPF0438 protein YifE => hypothetical protein
[22:34:15] Modify product: Probable transport protein HsrA => putative transport protein HsrA
[22:34:15] Modify product: Probable outer membrane usher protein ElfC => putative outer membrane usher protein ElfC
[22:34:15] Modify product: Uncharacterized fimbrial-like protein ElfG => putative fimbrial-like protein ElfG
[22:34:15] Modify product: Probable glucosamine-6-phosphate deaminase 2 => putative glucosamine-6-phosphate deaminase 2
[22:34:15] Modify product: UPF0167 protein CbrC => hypothetical protein
[22:34:15] Modify product: Probable 2-dehydro-3-deoxygalactonokinase DgoK1 => putative 2-dehydro-3-deoxygalactonokinase DgoK1
[22:34:15] Modify product: Uncharacterized symporter YidK => putative symporter YidK
[22:34:15] Modify product: Uncharacterized inner membrane transporter YicL => putative inner membrane transporter YicL
[22:34:15] Modify product: UPF0259 membrane protein YciC => hypothetical protein
[22:34:15] Modify product: Probable intracellular septation protein A => putative intracellular septation protein A
[22:34:15] Modify product: Uncharacterized acyl-CoA thioester hydrolase HI_0827 => putative acyl-CoA thioester hydrolase
[22:34:15] Modify product: UPF0263 protein YciU => hypothetical protein
[22:34:15] Modify product: UPF0056 inner membrane protein MarC => hypothetical protein
[22:34:15] Modify product: Uncharacterized NTE family protein Rv1063c => putative NTE family protein
[22:34:15] Modify product: UPF0225 protein YchJ => hypothetical protein
[22:34:15] Cleaned 380 /product names
[22:34:15] Deleting unwanted file: PROKKA_12162019/PROKKA_12162019.sprot.tmp.5335.faa
[22:34:15] Deleting unwanted file: PROKKA_12162019/PROKKA_12162019.sprot.tmp.5335.blast
[22:34:16] There are still 1390 unannotated CDS left (started with 5033)
[22:34:16] Will use hmmer3 to search against /nfs/home/azabelkin/.conda/envs/cooler/db/hmm/HAMAP.hmm with 8 CPUs
[22:34:16] Running: cat PROKKA_12162019\/PROKKA_12162019\.HAMAP\.hmm\.tmp\.5335\.faa | parallel --gnu --plain -j 8 --block 21031 --recstart '>' --pipe hmmscan --noali --notextw --acc -E 1e-09 --cpu 1 /nfs/home/azabelkin/.conda/envs/cooler/db/hmm/HAMAP.hmm /dev/stdin > PROKKA_12162019\/PROKKA_12162019\.HAMAP\.hmm\.tmp\.5335\.hmmer3 2> /dev/null
[22:34:43] Modify product: Uncharacterized Nudix hydrolase NudL => putative Nudix hydrolase NudL
[22:34:43] Cleaned 1 /product names
[22:34:43] Deleting unwanted file: PROKKA_12162019/PROKKA_12162019.HAMAP.hmm.tmp.5335.faa
[22:34:43] Deleting unwanted file: PROKKA_12162019/PROKKA_12162019.HAMAP.hmm.tmp.5335.hmmer3
[22:34:43] Labelling remaining 1298 proteins as 'hypothetical protein'
[22:34:43] Possible /pseudo 'Cold shock-like protein CspG' at NODE_1_length_1911855_cov_74.241476 position 356709
[22:34:43] Possible /pseudo 'IS3 family transposase IS3' at NODE_1_length_1911855_cov_74.241476 position 402166
[22:34:43] Possible /pseudo 'General stress protein 16U' at NODE_1_length_1911855_cov_74.241476 position 472824
[22:34:43] Possible /pseudo 'putative protein YjgL' at NODE_1_length_1911855_cov_74.241476 position 527914
[22:34:43] Possible /pseudo 'Formate dehydrogenase H' at NODE_1_length_1911855_cov_74.241476 position 703078
[22:34:43] Possible /pseudo 'putative lipoprotein YajI' at NODE_1_length_1911855_cov_74.241476 position 1173081
[22:34:43] Possible /pseudo 'Outer membrane protein YedS' at NODE_1_length_1911855_cov_74.241476 position 1800099
[22:34:43] Possible /pseudo 'putative diguanylate cyclase DgcQ' at NODE_1_length_1911855_cov_74.241476 position 1807462
[22:34:43] Possible /pseudo 'D-tagatose-1,6-bisphosphate aldolase subunit GatZ' at NODE_2_length_1048041_cov_73.759880 position 93731
[22:34:43] Possible /pseudo 'Protease ElaD' at NODE_2_length_1048041_cov_73.759880 position 289994
[22:34:43] Possible /pseudo 'Glucarate dehydratase-related protein' at NODE_2_length_1048041_cov_73.759880 position 829964
[22:34:43] Possible /pseudo 'tRNA pseudouridine synthase C' at NODE_2_length_1048041_cov_73.759880 position 833029
[22:34:43] Possible /pseudo 'Methylmalonyl-CoA mutase' at NODE_2_length_1048041_cov_73.759880 position 978155
[22:34:43] Possible /pseudo 'Energy-coupling factor transporter ATP-binding protein EcfA1' at NODE_2_length_1048041_cov_73.759880 position 992915
[22:34:43] Possible /pseudo 'Periplasmic alpha-amylase' at NODE_3_length_740956_cov_75.729124 position 23733
[22:34:43] Possible /pseudo 'Small toxic polypeptide LdrD' at NODE_3_length_740956_cov_75.729124 position 67477
[22:34:43] Possible /pseudo 'Formate dehydrogenase, nitrate-inducible, major subunit' at NODE_4_length_510203_cov_76.142106 position 15093
[22:34:43] Possible /pseudo 'PTS system mannose-specific EIIBCA component' at NODE_5_length_307206_cov_78.387034 position 34878
[22:34:43] Possible /pseudo 'Formate dehydrogenase-O major subunit' at NODE_5_length_307206_cov_78.387034 position 42043
[22:34:43] Possible /pseudo 'Cryptic beta-glucoside bgl operon antiterminator' at NODE_5_length_307206_cov_78.387034 position 228045
[22:34:43] Possible /pseudo '6-phospho-alpha-glucosidase' at NODE_5_length_307206_cov_78.387034 position 272765
[22:34:43] Possible /pseudo 'Small toxic polypeptide LdrA' at NODE_6_length_209991_cov_72.293227 position 53403
[22:34:43] Possible /pseudo 'Hemolysin E, chromosomal' at NODE_6_length_209991_cov_72.293227 position 92492
[22:34:43] Possible /pseudo 'Hemolysin E, chromosomal' at NODE_6_length_209991_cov_72.293227 position 92935
[22:34:43] Possible /pseudo 'IS6 family transposase IS26' at NODE_9_length_91683_cov_71.979591 position 9354
[22:34:43] Possible /pseudo 'Multifunctional conjugation protein TraI' at NODE_10_length_59814_cov_89.182132 position 38865
[22:34:43] Possible /pseudo 'Serine protease SepA autotransporter' at NODE_10_length_59814_cov_89.182132 position 47000
[22:34:44] Found 3203 unique /gene codes.
[22:34:44] Fixed 2 duplicate /gene - rob_1 rob_2
[22:34:44] Fixed 3 duplicate /gene - cynR_1 cynR_2 cynR_3
[22:34:44] Fixed 3 duplicate /gene - hlyE_1 hlyE_2 hlyE_3
[22:34:44] Fixed 2 duplicate /gene - arcC1_1 arcC1_2
[22:34:44] Fixed 2 duplicate /gene - cspG_1 cspG_2
[22:34:44] Fixed 9 duplicate /gene - xerC_1 xerC_2 xerC_3 xerC_4 xerC_5 xerC_6 xerC_7 xerC_8 xerC_9
[22:34:44] Fixed 2 duplicate /gene - repA_1 repA_2
[22:34:44] Fixed 2 duplicate /gene - cutC_1 cutC_2
[22:34:44] Fixed 2 duplicate /gene - ssuC_1 ssuC_2
[22:34:44] Fixed 2 duplicate /gene - ftsA_1 ftsA_2
[22:34:44] Fixed 2 duplicate /gene - rapA_1 rapA_2
[22:34:44] Fixed 2 duplicate /gene - hdfR_1 hdfR_2
[22:34:44] Fixed 3 duplicate /gene - cysE_1 cysE_2 cysE_3
[22:34:44] Fixed 2 duplicate /gene - yphB_1 yphB_2
[22:34:44] Fixed 2 duplicate /gene - fryA_1 fryA_2
[22:34:44] Fixed 2 duplicate /gene - prfB_1 prfB_2
[22:34:44] Fixed 2 duplicate /gene - lldR_1 lldR_2
[22:34:44] Fixed 2 duplicate /gene - cusS_1 cusS_2
[22:34:44] Fixed 2 duplicate /gene - ulaB_1 ulaB_2
[22:34:44] Fixed 2 duplicate /gene - fes_1 fes_2
[22:34:44] Fixed 2 duplicate /gene - lon_1 lon_2
[22:34:44] Fixed 2 duplicate /gene - chbC_1 chbC_2
[22:34:44] Fixed 2 duplicate /gene - copA_1 copA_2
[22:34:44] Fixed 2 duplicate /gene - caiA_1 caiA_2
[22:34:44] Fixed 3 duplicate /gene - bhsA_1 bhsA_2 bhsA_3
[22:34:44] Fixed 2 duplicate /gene - xdhA_1 xdhA_2
[22:34:44] Fixed 2 duplicate /gene - ytfJ_1 ytfJ_2
[22:34:44] Fixed 3 duplicate /gene - ssb_1 ssb_2 ssb_3
[22:34:44] Fixed 2 duplicate /gene - parM_1 parM_2
[22:34:44] Fixed 2 duplicate /gene - yjiE_1 yjiE_2
[22:34:44] Fixed 2 duplicate /gene - rhtC_1 rhtC_2
[22:34:44] Fixed 2 duplicate /gene - vapC_1 vapC_2
[22:34:44] Fixed 2 duplicate /gene - oleD_1 oleD_2
[22:34:44] Fixed 2 duplicate /gene - higB-2_1 higB-2_2
[22:34:44] Fixed 2 duplicate /gene - clpV1_1 clpV1_2
[22:34:44] Fixed 3 duplicate /gene - ydcV_1 ydcV_2 ydcV_3
[22:34:44] Fixed 2 duplicate /gene - ccmF_1 ccmF_2
[22:34:44] Fixed 3 duplicate /gene - cusC_1 cusC_2 cusC_3
[22:34:44] Fixed 2 duplicate /gene - recD_1 recD_2
[22:34:44] Fixed 2 duplicate /gene - dcuA_1 dcuA_2
[22:34:44] Fixed 2 duplicate /gene - yehB_1 yehB_2
[22:34:44] Fixed 2 duplicate /gene - kduD_1 kduD_2
[22:34:44] Fixed 2 duplicate /gene - cysH_1 cysH_2
[22:34:44] Fixed 2 duplicate /gene - silE_1 silE_2
[22:34:44] Fixed 3 duplicate /gene - manP_1 manP_2 manP_3
[22:34:44] Fixed 2 duplicate /gene - ydhX_1 ydhX_2
[22:34:44] Fixed 3 duplicate /gene - ygcS_1 ygcS_2 ygcS_3
[22:34:44] Fixed 2 duplicate /gene - nanE_1 nanE_2
[22:34:44] Fixed 2 duplicate /gene - rlhA_1 rlhA_2
[22:34:44] Fixed 2 duplicate /gene - ydfO_1 ydfO_2
[22:34:44] Fixed 2 duplicate /gene - proQ_1 proQ_2
[22:34:44] Fixed 2 duplicate /gene - tfaE_1 tfaE_2
[22:34:44] Fixed 2 duplicate /gene - lptG_1 lptG_2
[22:34:44] Fixed 2 duplicate /gene - oxyR_1 oxyR_2
[22:34:44] Fixed 2 duplicate /gene - traI_1 traI_2
[22:34:44] Fixed 2 duplicate /gene - tnpR_1 tnpR_2
[22:34:44] Fixed 2 duplicate /gene - gltC_1 gltC_2
[22:34:44] Fixed 2 duplicate /gene - ydjF_1 ydjF_2
[22:34:44] Fixed 2 duplicate /gene - ulaE_1 ulaE_2
[22:34:44] Fixed 2 duplicate /gene - papC_1 papC_2
[22:34:44] Fixed 3 duplicate /gene - btuD_1 btuD_2 btuD_3
[22:34:44] Fixed 2 duplicate /gene - ftnA_1 ftnA_2
[22:34:44] Fixed 2 duplicate /gene - yagU_1 yagU_2
[22:34:44] Fixed 2 duplicate /gene - slp_1 slp_2
[22:34:44] Fixed 3 duplicate /gene - por_1 por_2 por_3
[22:34:44] Fixed 2 duplicate /gene - mlc_1 mlc_2
[22:34:44] Fixed 2 duplicate /gene - ulaC_1 ulaC_2
[22:34:44] Fixed 2 duplicate /gene - lptB_1 lptB_2
[22:34:44] Fixed 3 duplicate /gene - vgrG1_1 vgrG1_2 vgrG1_3
[22:34:44] Fixed 2 duplicate /gene - yjgL_1 yjgL_2
[22:34:44] Fixed 3 duplicate /gene - dmsB_1 dmsB_2 dmsB_3
[22:34:44] Fixed 2 duplicate /gene - gfcB_1 gfcB_2
[22:34:44] Fixed 2 duplicate /gene - fdoG_1 fdoG_2
[22:34:44] Fixed 2 duplicate /gene - bioD1_1 bioD1_2
[22:34:44] Fixed 2 duplicate /gene - cusB_1 cusB_2
[22:34:44] Fixed 2 duplicate /gene - bglF_1 bglF_2
[22:34:44] Fixed 2 duplicate /gene - intQ_1 intQ_2
[22:34:44] Fixed 2 duplicate /gene - bglA_1 bglA_2
[22:34:44] Fixed 2 duplicate /gene - elfC_1 elfC_2
[22:34:44] Fixed 2 duplicate /gene - lapB_1 lapB_2
[22:34:44] Fixed 2 duplicate /gene - idi_1 idi_2
[22:34:44] Fixed 2 duplicate /gene - flu_1 flu_2
[22:34:44] Fixed 2 duplicate /gene - tmk_1 tmk_2
[22:34:44] Fixed 2 duplicate /gene - mglA_1 mglA_2
[22:34:44] Fixed 2 duplicate /gene - spaS_1 spaS_2
[22:34:44] Fixed 2 duplicate /gene - tufB_1 tufB_2
[22:34:44] Fixed 2 duplicate /gene - elaD_1 elaD_2
[22:34:44] Fixed 2 duplicate /gene - aaeB_1 aaeB_2
[22:34:44] Fixed 3 duplicate /gene - umuC_1 umuC_2 umuC_3
[22:34:44] Fixed 2 duplicate /gene - fimA_1 fimA_2
[22:34:44] Fixed 2 duplicate /gene - dmsC_1 dmsC_2
[22:34:44] Fixed 2 duplicate /gene - fdrA_1 fdrA_2
[22:34:44] Fixed 2 duplicate /gene - dgcQ_1 dgcQ_2
[22:34:44] Fixed 2 duplicate /gene - ybgD_1 ybgD_2
[22:34:44] Fixed 2 duplicate /gene - fryB_1 fryB_2
[22:34:44] Fixed 3 duplicate /gene - rbsC_1 rbsC_2 rbsC_3
[22:34:44] Fixed 2 duplicate /gene - abaF_1 abaF_2
[22:34:44] Fixed 3 duplicate /gene - bglH_1 bglH_2 bglH_3
[22:34:44] Fixed 2 duplicate /gene - melR_1 melR_2
[22:34:44] Fixed 2 duplicate /gene - ybcO_1 ybcO_2
[22:34:44] Fixed 2 duplicate /gene - mepM_1 mepM_2
[22:34:44] Fixed 3 duplicate /gene - ais_1 ais_2 ais_3
[22:34:44] Fixed 2 duplicate /gene - sepA_1 sepA_2
[22:34:44] Fixed 2 duplicate /gene - tal_1 tal_2
[22:34:44] Fixed 2 duplicate /gene - bla_1 bla_2
[22:34:44] Fixed 4 duplicate /gene - intS_1 intS_2 intS_3 intS_4
[22:34:44] Fixed 2 duplicate /gene - nagB_1 nagB_2
[22:34:44] Fixed 2 duplicate /gene - yhhT_1 yhhT_2
[22:34:44] Fixed 2 duplicate /gene - acpP_1 acpP_2
[22:34:44] Fixed 2 duplicate /gene - pspB_1 pspB_2
[22:34:44] Fixed 2 duplicate /gene - yedS_1 yedS_2
[22:34:44] Fixed 2 duplicate /gene - ybdO_1 ybdO_2
[22:34:44] Fixed 3 duplicate /gene - fixX_1 fixX_2 fixX_3
[22:34:44] Fixed 3 duplicate /gene - gntR_1 gntR_2 gntR_3
[22:34:44] Fixed 2 duplicate /gene - gadX_1 gadX_2
[22:34:44] Fixed 2 duplicate /gene - epsE_1 epsE_2
[22:34:44] Fixed 2 duplicate /gene - topA_1 topA_2
[22:34:44] Fixed 2 duplicate /gene - php_1 php_2
[22:34:44] Fixed 2 duplicate /gene - lacA_1 lacA_2
[22:34:44] Fixed 3 duplicate /gene - fixB_1 fixB_2 fixB_3
[22:34:44] Fixed 2 duplicate /gene - murR_1 murR_2
[22:34:44] Fixed 2 duplicate /gene - nlpD_1 nlpD_2
[22:34:44] Fixed 2 duplicate /gene - fucP_1 fucP_2
[22:34:44] Fixed 2 duplicate /gene - mtlA_1 mtlA_2
[22:34:44] Fixed 2 duplicate /gene - yrdA_1 yrdA_2
[22:34:44] Fixed 3 duplicate /gene - klcA_1 klcA_2 klcA_3
[22:34:44] Fixed 2 duplicate /gene - tdh_1 tdh_2
[22:34:44] Fixed 2 duplicate /gene - hycG_1 hycG_2
[22:34:44] Fixed 2 duplicate /gene - acrR_1 acrR_2
[22:34:44] Fixed 2 duplicate /gene - hcpA_1 hcpA_2
[22:34:44] Fixed 2 duplicate /gene - higA_1 higA_2
[22:34:44] Fixed 2 duplicate /gene - pduV_1 pduV_2
[22:34:44] Fixed 4 duplicate /gene - rhaR_1 rhaR_2 rhaR_3 rhaR_4
[22:34:44] Fixed 2 duplicate /gene - kdgK_1 kdgK_2
[22:34:44] Fixed 2 duplicate /gene - hha_1 hha_2
[22:34:44] Fixed 5 duplicate /gene - yceD_1 yceD_2 yceD_3 yceD_4 yceD_5
[22:34:44] Fixed 2 duplicate /gene - leuC_1 leuC_2
[22:34:44] Fixed 2 duplicate /gene - nohA_1 nohA_2
[22:34:44] Fixed 2 duplicate /gene - lsrB_1 lsrB_2
[22:34:44] Fixed 2 duplicate /gene - aspT_1 aspT_2
[22:34:44] Fixed 2 duplicate /gene - lutA_1 lutA_2
[22:34:44] Fixed 2 duplicate /gene - elfG_1 elfG_2
[22:34:44] Fixed 2 duplicate /gene - ubiJ_1 ubiJ_2
[22:34:44] Fixed 5 duplicate /gene - rhaS_1 rhaS_2 rhaS_3 rhaS_4 rhaS_5
[22:34:44] Fixed 2 duplicate /gene - mipA_1 mipA_2
[22:34:44] Fixed 2 duplicate /gene - pdhR_1 pdhR_2
[22:34:44] Fixed 2 duplicate /gene - artM_1 artM_2
[22:34:44] Fixed 3 duplicate /gene - hcaR_1 hcaR_2 hcaR_3
[22:34:44] Fixed 2 duplicate /gene - pgrR_1 pgrR_2
[22:34:44] Fixed 2 duplicate /gene - msbA_1 msbA_2
[22:34:44] Fixed 2 duplicate /gene - sgrR_1 sgrR_2
[22:34:44] Fixed 2 duplicate /gene - ydjZ_1 ydjZ_2
[22:34:44] Fixed 3 duplicate /gene - potA_1 potA_2 potA_3
[22:34:44] Fixed 3 duplicate /gene - mshA_1 mshA_2 mshA_3
[22:34:44] Fixed 2 duplicate /gene - yajI_1 yajI_2
[22:34:44] Fixed 4 duplicate /gene - rusA_1 rusA_2 rusA_3 rusA_4
[22:34:44] Fixed 2 duplicate /gene - prs_1 prs_2
[22:34:44] Fixed 2 duplicate /gene - rsxB_1 rsxB_2
[22:34:44] Fixed 2 duplicate /gene - arnC_1 arnC_2
[22:34:44] Fixed 2 duplicate /gene - chuR_1 chuR_2
[22:34:44] Fixed 2 duplicate /gene - fdhF_1 fdhF_2
[22:34:44] Fixed 2 duplicate /gene - chbA_1 chbA_2
[22:34:44] Fixed 3 duplicate /gene - emrE_1 emrE_2 emrE_3
[22:34:44] Fixed 2 duplicate /gene - osmY_1 osmY_2
[22:34:44] Fixed 2 duplicate /gene - ftsH_1 ftsH_2
[22:34:44] Fixed 2 duplicate /gene - yiaW_1 yiaW_2
[22:34:44] Fixed 3 duplicate /gene - ndhB_1 ndhB_2 ndhB_3
[22:34:44] Fixed 3 duplicate /gene - norR_1 norR_2 norR_3
[22:34:44] Fixed 2 duplicate /gene - yggR_1 yggR_2
[22:34:44] Fixed 2 duplicate /gene - coaA_1 coaA_2
[22:34:44] Fixed 2 duplicate /gene - gstB_1 gstB_2
[22:34:44] Fixed 2 duplicate /gene - yhaJ_1 yhaJ_2
[22:34:44] Fixed 2 duplicate /gene - pal_1 pal_2
[22:34:44] Fixed 2 duplicate /gene - cusF_1 cusF_2
[22:34:44] Fixed 2 duplicate /gene - focC_1 focC_2
[22:34:44] Fixed 2 duplicate /gene - mepS_1 mepS_2
[22:34:44] Fixed 2 duplicate /gene - dnaK_1 dnaK_2
[22:34:44] Fixed 3 duplicate /gene - yhdJ_1 yhdJ_2 yhdJ_3
[22:34:44] Fixed 2 duplicate /gene - cusR_1 cusR_2
[22:34:44] Fixed 2 duplicate /gene - gadB_1 gadB_2
[22:34:44] Fixed 3 duplicate /gene - glnQ_1 glnQ_2 glnQ_3
[22:34:44] Fixed 2 duplicate /gene - caiT_1 caiT_2
[22:34:44] Fixed 2 duplicate /gene - dinI_1 dinI_2
[22:34:44] Fixed 2 duplicate /gene - ygdR_1 ygdR_2
[22:34:44] Fixed 2 duplicate /gene - alx_1 alx_2
[22:34:44] Fixed 2 duplicate /gene - narL_1 narL_2
[22:34:44] Fixed 2 duplicate /gene - cusA_1 cusA_2
[22:34:44] Fixed 3 duplicate /gene - pncC_1 pncC_2 pncC_3
[22:34:44] Fixed 2 duplicate /gene - xerD_1 xerD_2
[22:34:44] Fixed 2 duplicate /gene - fdnH_1 fdnH_2
[22:34:44] Fixed 5 duplicate /gene - srlR_1 srlR_2 srlR_3 srlR_4 srlR_5
[22:34:44] Fixed 2 duplicate /gene - dcuD_1 dcuD_2
[22:34:44] Fixed 2 duplicate /gene - epsM_1 epsM_2
[22:34:44] Fixed 2 duplicate /gene - ompD_1 ompD_2
[22:34:44] Fixed 3 duplicate /gene - rrrD_1 rrrD_2 rrrD_3
[22:34:44] Fixed 2 duplicate /gene - bioF_1 bioF_2
[22:34:44] Fixed 2 duplicate /gene - aaeA_1 aaeA_2
[22:34:44] Fixed 3 duplicate /gene - ompX_1 ompX_2 ompX_3
[22:34:44] Fixed 2 duplicate /gene - ttdT_1 ttdT_2
[22:34:44] Fixed 2 duplicate /gene - deoB_1 deoB_2
[22:34:44] Fixed 2 duplicate /gene - epsF_1 epsF_2
[22:34:44] Fixed 2 duplicate /gene - kefC_1 kefC_2
[22:34:44] Fixed 3 duplicate /gene - intA_1 intA_2 intA_3
[22:34:44] Fixed 2 duplicate /gene - noc_1 noc_2
[22:34:44] Fixed 2 duplicate /gene - bglG_1 bglG_2
[22:34:44] Fixed 2 duplicate /gene - deoR_1 deoR_2
[22:34:44] Fixed 2 duplicate /gene - proA_1 proA_2
[22:34:44] Fixed 2 duplicate /gene - hin_1 hin_2
[22:34:44] Fixed 2 duplicate /gene - aglB_1 aglB_2
[22:34:44] Fixed 2 duplicate /gene - tsaR_1 tsaR_2
[22:34:44] Fixed 2 duplicate /gene - lolD_1 lolD_2
[22:34:44] Fixed 2 duplicate /gene - yahB_1 yahB_2
[22:34:44] Fixed 2 duplicate /gene - acrB_1 acrB_2
[22:34:44] Fixed 3 duplicate /gene - mngR_1 mngR_2 mngR_3
[22:34:44] Fixed 2 duplicate /gene - ldrA_1 ldrA_2
[22:34:44] Fixed 2 duplicate /gene - rtcB_1 rtcB_2
[22:34:44] Fixed 3 duplicate /gene - umuD_1 umuD_2 umuD_3
[22:34:44] Fixed 2 duplicate /gene - gspA_1 gspA_2
[22:34:44] Fixed 2 duplicate /gene - sbmC_1 sbmC_2
[22:34:44] Fixed 2 duplicate /gene - ygiW_1 ygiW_2
[22:34:44] Fixed 3 duplicate /gene - era_1 era_2 era_3
[22:34:44] Fixed 2 duplicate /gene - ptsG_1 ptsG_2
[22:34:44] Fixed 2 duplicate /gene - psuK_1 psuK_2
[22:34:44] Fixed 2 duplicate /gene - cdgI_1 cdgI_2
[22:34:44] Fixed 2 duplicate /gene - azoR_1 azoR_2
[22:34:44] Fixed 2 duplicate /gene - lgoT_1 lgoT_2
[22:34:44] Fixed 2 duplicate /gene - agaC_1 agaC_2
[22:34:44] Fixed 2 duplicate /gene - yhcH_1 yhcH_2
[22:34:44] Fixed 2 duplicate /gene - ulaA_1 ulaA_2
[22:34:44] Fixed 2 duplicate /gene - rep_1 rep_2
[22:34:44] Fixed 2 duplicate /gene - glpG_1 glpG_2
[22:34:44] Fixed 2 duplicate /gene - psiB_1 psiB_2
[22:34:44] Fixed 2 duplicate /gene - ccmH_1 ccmH_2
[22:34:44] Fixed 2 duplicate /gene - flhA_1 flhA_2
[22:34:44] Fixed 2 duplicate /gene - fic_1 fic_2
[22:34:44] Fixed 2 duplicate /gene - truC_1 truC_2
[22:34:44] Fixed 2 duplicate /gene - lsrD_1 lsrD_2
[22:34:44] Fixed 2 duplicate /gene - hokE_1 hokE_2
[22:34:44] Fixed 2 duplicate /gene - mdh_1 mdh_2
[22:34:44] Fixed 2 duplicate /gene - manX_1 manX_2
[22:34:44] Fixed 3 duplicate /gene - manZ_1 manZ_2 manZ_3
[22:34:44] Fixed 2 duplicate /gene - cirA_1 cirA_2
[22:34:44] Fixed 2 duplicate /gene - rspA_1 rspA_2
[22:34:44] Fixed 2 duplicate /gene - trmH_1 trmH_2
[22:34:44] Fixed 3 duplicate /gene - rhsD_1 rhsD_2 rhsD_3
[22:34:44] Fixed 4 duplicate /gene - lexA_1 lexA_2 lexA_3 lexA_4
[22:34:44] Fixed 2 duplicate /gene - purR_1 purR_2
[22:34:44] Fixed 2 duplicate /gene - scpA_1 scpA_2
[22:34:44] Fixed 2 duplicate /gene - malS_1 malS_2
[22:34:44] Fixed 2 duplicate /gene - sapB_1 sapB_2
[22:34:44] Fixed 2 duplicate /gene - argE_1 argE_2
[22:34:44] Fixed 2 duplicate /gene - fruK_1 fruK_2
[22:34:44] Fixed 3 duplicate /gene - folP_1 folP_2 folP_3
[22:34:44] Fixed 2 duplicate /gene - acs_1 acs_2
[22:34:44] Fixed 2 duplicate /gene - pitA_1 pitA_2
[22:34:44] Fixed 5 duplicate /gene - dmlR_1 dmlR_2 dmlR_3 dmlR_4 dmlR_5
[22:34:44] Fixed 4 duplicate /gene - hyfA_1 hyfA_2 hyfA_3 hyfA_4
[22:34:44] Fixed 2 duplicate /gene - ydgA_1 ydgA_2
[22:34:44] Fixed 2 duplicate /gene - rfaH_1 rfaH_2
[22:34:44] Fixed 2 duplicate /gene - gatZ_1 gatZ_2
[22:34:44] Fixed 2 duplicate /gene - gudX_1 gudX_2
[22:34:44] Fixed 2 duplicate /gene - ampG_1 ampG_2
[22:34:44] Fixed 2 duplicate /gene - ecfA1_1 ecfA1_2
[22:34:44] Fixed 2 duplicate /gene - ldrD_1 ldrD_2
[22:34:44] Fixed 2 duplicate /gene - ndhI_1 ndhI_2
[22:34:44] Fixed 2 duplicate /gene - srmB_1 srmB_2
[22:34:44] Fixed 2 duplicate /gene - dnaC_1 dnaC_2
[22:34:44] Fixed 2 duplicate /gene - lsrK_1 lsrK_2
[22:34:44] Fixed 2 duplicate /gene - fixA_1 fixA_2
[22:34:44] Fixed 2 duplicate /gene - malP_1 malP_2
[22:34:44] Fixed 2 duplicate /gene - rhsC_1 rhsC_2
[22:34:44] Fixed 2 duplicate /gene - fdnG_1 fdnG_2
[22:34:44] Fixed 2 duplicate /gene - nanR_1 nanR_2
[22:34:44] Fixed 2 duplicate /gene - gntK_1 gntK_2
[22:34:44] Fixed 2 duplicate /gene - rbsK_1 rbsK_2
[22:34:44] Fixed 2 duplicate /gene - ydjE_1 ydjE_2
[22:34:44] Fixed 276 colliding /gene names.
[22:34:44] Adding /locus_tag identifiers
[22:34:44] Assigned 5121 locus_tags to CDS and RNA features.
[22:34:44] Writing outputs to PROKKA_12162019/
[22:34:49] Generating annotation statistics file
[22:34:49] Generating Genbank and Sequin files
[22:34:49] Running: tbl2asn -V b -a r10k -l paired-ends -M n -N 1 -y 'Annotated using prokka 1.14.5 from https://github.com/tseemann/prokka' -Z PROKKA_12162019\/PROKKA_12162019\.err -i PROKKA_12162019\/PROKKA_12162019\.fsa 2> /dev/null
[22:35:51] Deleting unwanted file: PROKKA_12162019/errorsummary.val
[22:35:51] Deleting unwanted file: PROKKA_12162019/PROKKA_12162019.dr
[22:35:51] Deleting unwanted file: PROKKA_12162019/PROKKA_12162019.fixedproducts
[22:35:51] Deleting unwanted file: PROKKA_12162019/PROKKA_12162019.ecn
[22:35:51] Deleting unwanted file: PROKKA_12162019/PROKKA_12162019.val
[22:35:51] Repairing broken .GBK output that tbl2asn produces...
[22:35:51] Running: sed 's/COORDINATES: profile/COORDINATES:profile/' < PROKKA_12162019\/PROKKA_12162019\.gbf > PROKKA_12162019\/PROKKA_12162019\.gbk
[22:35:52] Deleting unwanted file: PROKKA_12162019/PROKKA_12162019.gbf
[22:35:52] Output files:
[22:35:52] PROKKA_12162019/PROKKA_12162019.gbk
[22:35:52] PROKKA_12162019/PROKKA_12162019.sqn
[22:35:52] PROKKA_12162019/PROKKA_12162019.ffn
[22:35:52] PROKKA_12162019/PROKKA_12162019.log
[22:35:52] PROKKA_12162019/PROKKA_12162019.fsa
[22:35:52] PROKKA_12162019/PROKKA_12162019.err
[22:35:52] PROKKA_12162019/PROKKA_12162019.txt
[22:35:52] PROKKA_12162019/PROKKA_12162019.tbl
[22:35:52] PROKKA_12162019/PROKKA_12162019.tsv
[22:35:52] PROKKA_12162019/PROKKA_12162019.faa
[22:35:52] PROKKA_12162019/PROKKA_12162019.gff
[22:35:52] PROKKA_12162019/PROKKA_12162019.fna
[22:35:52] Annotation finished successfully.
[22:35:52] Walltime used: 5.22 minutes
[22:35:52] If you use this result please cite the Prokka paper:
[22:35:52] Seemann T (2014) Prokka: rapid prokaryotic genome annotation. Bioinformatics. 30(14):2068-9.
[22:35:52] Type 'prokka --citation' for more details.
[22:35:52] Share and enjoy!
